<?xml version="1.0" encoding="UTF-8"?>
<testng-results skipped="0" failed="0" ignored="0" total="1" passed="1">
  <reporter-output>
  </reporter-output>
  <suite name="Suite" duration-ms="79396" started-at="2021-01-28T15:29:21Z" finished-at="2021-01-28T15:30:40Z">
    <groups>
    </groups>
    <test name="Test" duration-ms="79396" started-at="2021-01-28T15:29:21Z" finished-at="2021-01-28T15:30:40Z">
      <class name="com.game.tv.test.GameTvTest">
        <test-method status="PASS" signature="setUp()[pri:0, instance:com.game.tv.test.GameTvTest@7f485fda]" name="setUp" is-config="true" duration-ms="10380" started-at="2021-01-28T20:59:21Z" finished-at="2021-01-28T20:59:31Z">
          <reporter-output>
          </reporter-output>
        </test-method> <!-- setUp -->
        <test-method status="PASS" signature="createList()[pri:0, instance:com.game.tv.test.GameTvTest@7f485fda]" name="createList" duration-ms="68303" started-at="2021-01-28T20:59:31Z" finished-at="2021-01-28T21:00:39Z">
          <reporter-output>
          </reporter-output>
        </test-method> <!-- createList -->
        <test-method status="PASS" signature="tearDown()[pri:0, instance:com.game.tv.test.GameTvTest@7f485fda]" name="tearDown" is-config="true" duration-ms="696" started-at="2021-01-28T21:00:39Z" finished-at="2021-01-28T21:00:40Z">
          <reporter-output>
          </reporter-output>
        </test-method> <!-- tearDown -->
      </class> <!-- com.game.tv.test.GameTvTest -->
    </test> <!-- Test -->
  </suite> <!-- Suite -->
</testng-results>
